<?xml version="1.0" encoding="UTF-8"?>
<!-- Generated by org.testng.reporters.JUnitReportReporter -->
<testsuite hostname="GlaDiAtoR" failures="0" tests="2" name="com.bankingroject.loginpage.LoginPageTest" time="20.710" errors="0" timestamp="2023-01-21T14:40:59 IST" skipped="0">
  <testcase classname="com.bankingroject.loginpage.LoginPageTest" name="testUrl" time="10.105"/>
  <system-out/>
  <testcase classname="com.bankingroject.loginpage.LoginPageTest" name="testTitle" time="10.605"/>
  <system-out/>
</testsuite> <!-- com.bankingroject.loginpage.LoginPageTest -->
